Determining if the pthread_create exist failed with the following output:
Change Dir: /DEVs/Machine-Learning/PyTorch/FaceLandmarkDetector/build/CMakeFiles/CMakeTmp

Run Build Command(s):/usr/bin/make cmTC_e09b5/fast 
/usr/bin/make -f CMakeFiles/cmTC_e09b5.dir/build.make CMakeFiles/cmTC_e09b5.dir/build
make[1]: Entering directory '/DEVs/Machine-Learning/PyTorch/FaceLandmarkDetector/build/CMakeFiles/CMakeTmp'
Building C object CMakeFiles/cmTC_e09b5.dir/CheckSymbolExists.c.o
/usr/bin/cc    -o CMakeFiles/cmTC_e09b5.dir/CheckSymbolExists.c.o   -c /DEVs/Machine-Learning/PyTorch/FaceLandmarkDetector/build/CMakeFiles/CMakeTmp/CheckSymbolExists.c
Linking C executable cmTC_e09b5
/usr/local/bin/cmake -E cmake_link_script CMakeFiles/cmTC_e09b5.dir/link.txt --verbose=1
/usr/bin/cc      -rdynamic CMakeFiles/cmTC_e09b5.dir/CheckSymbolExists.c.o  -o cmTC_e09b5 
CMakeFiles/cmTC_e09b5.dir/CheckSymbolExists.c.o: In function `main':
CheckSymbolExists.c:(.text+0x1b): undefined reference to `pthread_create'
collect2: error: ld returned 1 exit status
CMakeFiles/cmTC_e09b5.dir/build.make:86: recipe for target 'cmTC_e09b5' failed
make[1]: *** [cmTC_e09b5] Error 1
make[1]: Leaving directory '/DEVs/Machine-Learning/PyTorch/FaceLandmarkDetector/build/CMakeFiles/CMakeTmp'
Makefile:121: recipe for target 'cmTC_e09b5/fast' failed
make: *** [cmTC_e09b5/fast] Error 2

File /DEVs/Machine-Learning/PyTorch/FaceLandmarkDetector/build/CMakeFiles/CMakeTmp/CheckSymbolExists.c:
/* */
#include <pthread.h>

int main(int argc, char** argv)
{
  (void)argv;
#ifndef pthread_create
  return ((int*)(&pthread_create))[argc];
#else
  (void)argc;
  return 0;
#endif
}

Determining if the function pthread_create exists in the pthreads failed with the following output:
Change Dir: /DEVs/Machine-Learning/PyTorch/FaceLandmarkDetector/build/CMakeFiles/CMakeTmp

Run Build Command(s):/usr/bin/make cmTC_cad76/fast 
/usr/bin/make -f CMakeFiles/cmTC_cad76.dir/build.make CMakeFiles/cmTC_cad76.dir/build
make[1]: Entering directory '/DEVs/Machine-Learning/PyTorch/FaceLandmarkDetector/build/CMakeFiles/CMakeTmp'
Building C object CMakeFiles/cmTC_cad76.dir/CheckFunctionExists.c.o
/usr/bin/cc   -DCHECK_FUNCTION_EXISTS=pthread_create   -o CMakeFiles/cmTC_cad76.dir/CheckFunctionExists.c.o   -c /usr/local/share/cmake-3.14/Modules/CheckFunctionExists.c
Linking C executable cmTC_cad76
/usr/local/bin/cmake -E cmake_link_script CMakeFiles/cmTC_cad76.dir/link.txt --verbose=1
/usr/bin/cc  -DCHECK_FUNCTION_EXISTS=pthread_create    -rdynamic CMakeFiles/cmTC_cad76.dir/CheckFunctionExists.c.o  -o cmTC_cad76 -lpthreads 
/usr/bin/ld: cannot find -lpthreads
collect2: error: ld returned 1 exit status
CMakeFiles/cmTC_cad76.dir/build.make:86: recipe for target 'cmTC_cad76' failed
make[1]: *** [cmTC_cad76] Error 1
make[1]: Leaving directory '/DEVs/Machine-Learning/PyTorch/FaceLandmarkDetector/build/CMakeFiles/CMakeTmp'
Makefile:121: recipe for target 'cmTC_cad76/fast' failed
make: *** [cmTC_cad76/fast] Error 2


