[2019-02-04 02:48:04.094] [sharedprocess] [info] main {"machineId":"04421c91-f947-4ba4-8404-e913229b3c5e"}
[2019-02-04 02:48:04.146] [sharedprocess] [info] Scanned user extensions: 2
[2019-02-04 02:48:04.199] [sharedprocess] [info] Scanned user extensions: 2
[2019-02-04 02:48:04.204] [sharedprocess] [info] Scanned user extensions: 2
[2019-02-04 02:48:04.218] [sharedprocess] [info] Scanned user extensions: 2
[2019-02-04 02:48:04.239] [sharedprocess] [info] Scanned system extensions: 71
[2019-02-04 02:48:04.241] [sharedprocess] [info] Scanned system extensions: 71
[2019-02-04 02:48:04.244] [sharedprocess] [info] Scanned system extensions: 71
[2019-02-04 02:48:04.246] [sharedprocess] [info] Deleted from disk ms-python.python-2018.12.1
[2019-02-04 02:48:21.619] [sharedprocess] [info] Scanned user extensions: 2
[2019-02-04 02:48:21.620] [sharedprocess] [info] Scanned user extensions: 2
[2019-02-04 02:48:21.650] [sharedprocess] [info] Scanned system extensions: 71
[2019-02-04 02:48:21.652] [sharedprocess] [info] Scanned system extensions: 71
[2019-02-04 02:48:21.730] [sharedprocess] [info] Scanned user extensions: 2
[2019-02-04 02:48:42.054] [sharedprocess] [info] Scanned user extensions: 2
[2019-02-04 02:48:44.096] [sharedprocess] [info] Starting to clean up unused language packs.
[2019-02-04 02:48:52.026] [sharedprocess] [info] Scanned user extensions: 2
[2019-02-04 02:48:52.043] [sharedprocess] [info] Scanned system extensions: 71
[2019-02-04 02:53:21.750] [sharedprocess] [info] Scanned user extensions: 2
[2019-02-04 02:58:21.770] [sharedprocess] [info] Scanned user extensions: 2
[2019-02-04 03:03:21.945] [sharedprocess] [info] Scanned user extensions: 2
[2019-02-04 03:08:22.004] [sharedprocess] [info] Scanned user extensions: 2
[2019-02-04 03:13:22.035] [sharedprocess] [info] Scanned user extensions: 2
[2019-02-04 03:18:22.083] [sharedprocess] [info] Scanned user extensions: 2
[2019-02-04 03:23:22.100] [sharedprocess] [info] Scanned user extensions: 2
[2019-02-04 03:28:22.117] [sharedprocess] [info] Scanned user extensions: 2
[2019-02-04 03:33:22.139] [sharedprocess] [info] Scanned user extensions: 2
[2019-02-04 03:38:22.155] [sharedprocess] [info] Scanned user extensions: 2
[2019-02-04 03:43:22.170] [sharedprocess] [info] Scanned user extensions: 2
[2019-02-04 03:48:22.315] [sharedprocess] [info] Scanned user extensions: 2
[2019-02-04 03:53:22.325] [sharedprocess] [info] Scanned user extensions: 2
[2019-02-04 03:58:22.339] [sharedprocess] [info] Scanned user extensions: 2
[2019-02-04 04:03:22.356] [sharedprocess] [info] Scanned user extensions: 2
[2019-02-04 04:08:22.438] [sharedprocess] [info] Scanned user extensions: 2
[2019-02-04 04:13:22.500] [sharedprocess] [info] Scanned user extensions: 2
[2019-02-04 04:18:22.544] [sharedprocess] [info] Scanned user extensions: 2
[2019-02-04 04:23:22.599] [sharedprocess] [info] Scanned user extensions: 2
[2019-02-04 04:28:22.618] [sharedprocess] [info] Scanned user extensions: 2
[2019-02-04 04:33:22.680] [sharedprocess] [info] Scanned user extensions: 2
[2019-02-04 04:38:22.727] [sharedprocess] [info] Scanned user extensions: 2
[2019-02-04 04:43:22.774] [sharedprocess] [info] Scanned user extensions: 2
[2019-02-04 04:48:22.940] [sharedprocess] [info] Scanned user extensions: 2
[2019-02-04 04:53:22.951] [sharedprocess] [info] Scanned user extensions: 2
[2019-02-04 04:58:22.964] [sharedprocess] [info] Scanned user extensions: 2
[2019-02-04 05:03:22.974] [sharedprocess] [info] Scanned user extensions: 2
[2019-02-04 05:08:23.055] [sharedprocess] [info] Scanned user extensions: 2
[2019-02-04 05:13:23.159] [sharedprocess] [info] Scanned user extensions: 2
[2019-02-04 05:18:23.210] [sharedprocess] [info] Scanned user extensions: 2
[2019-02-04 05:23:23.281] [sharedprocess] [info] Scanned user extensions: 2
[2019-02-04 05:28:23.322] [sharedprocess] [info] Scanned user extensions: 2
[2019-02-04 05:33:23.376] [sharedprocess] [info] Scanned user extensions: 2
[2019-02-04 05:38:23.526] [sharedprocess] [info] Scanned user extensions: 2
[2019-02-04 05:43:23.587] [sharedprocess] [info] Scanned user extensions: 2
[2019-02-04 05:48:23.881] [sharedprocess] [info] Scanned user extensions: 2
[2019-02-04 05:53:23.901] [sharedprocess] [info] Scanned user extensions: 2
[2019-02-04 05:58:23.917] [sharedprocess] [info] Scanned user extensions: 2
[2019-02-04 06:03:23.932] [sharedprocess] [info] Scanned user extensions: 2
[2019-02-04 06:08:24.041] [sharedprocess] [info] Scanned user extensions: 2
[2019-02-04 06:13:24.068] [sharedprocess] [info] Scanned user extensions: 2
[2019-02-04 06:18:24.093] [sharedprocess] [info] Scanned user extensions: 2
[2019-02-04 06:23:24.119] [sharedprocess] [info] Scanned user extensions: 2
[2019-02-04 06:28:24.128] [sharedprocess] [info] Scanned user extensions: 2
[2019-02-04 06:33:24.136] [sharedprocess] [info] Scanned user extensions: 2
[2019-02-04 06:38:24.213] [sharedprocess] [info] Scanned user extensions: 2
