Determining if the pthread_create exist failed with the following output:
Change Dir: /DEVs/Machine-Learning/PyTorch/Tutorials/C++FrontEnd/build/CMakeFiles/CMakeTmp

Run Build Command(s):/usr/bin/make cmTC_05afa/fast 
/usr/bin/make -f CMakeFiles/cmTC_05afa.dir/build.make CMakeFiles/cmTC_05afa.dir/build
make[1]: Entering directory '/DEVs/Machine-Learning/PyTorch/Tutorials/C++FrontEnd/build/CMakeFiles/CMakeTmp'
Building C object CMakeFiles/cmTC_05afa.dir/CheckSymbolExists.c.o
/usr/bin/cc    -o CMakeFiles/cmTC_05afa.dir/CheckSymbolExists.c.o   -c /DEVs/Machine-Learning/PyTorch/Tutorials/C++FrontEnd/build/CMakeFiles/CMakeTmp/CheckSymbolExists.c
Linking C executable cmTC_05afa
/usr/local/bin/cmake -E cmake_link_script CMakeFiles/cmTC_05afa.dir/link.txt --verbose=1
/usr/bin/cc      -rdynamic CMakeFiles/cmTC_05afa.dir/CheckSymbolExists.c.o  -o cmTC_05afa 
CMakeFiles/cmTC_05afa.dir/CheckSymbolExists.c.o: In function `main':
CheckSymbolExists.c:(.text+0x1b): undefined reference to `pthread_create'
collect2: error: ld returned 1 exit status
CMakeFiles/cmTC_05afa.dir/build.make:86: recipe for target 'cmTC_05afa' failed
make[1]: *** [cmTC_05afa] Error 1
make[1]: Leaving directory '/DEVs/Machine-Learning/PyTorch/Tutorials/C++FrontEnd/build/CMakeFiles/CMakeTmp'
Makefile:121: recipe for target 'cmTC_05afa/fast' failed
make: *** [cmTC_05afa/fast] Error 2

File /DEVs/Machine-Learning/PyTorch/Tutorials/C++FrontEnd/build/CMakeFiles/CMakeTmp/CheckSymbolExists.c:
/* */
#include <pthread.h>

int main(int argc, char** argv)
{
  (void)argv;
#ifndef pthread_create
  return ((int*)(&pthread_create))[argc];
#else
  (void)argc;
  return 0;
#endif
}

Determining if the function pthread_create exists in the pthreads failed with the following output:
Change Dir: /DEVs/Machine-Learning/PyTorch/Tutorials/C++FrontEnd/build/CMakeFiles/CMakeTmp

Run Build Command(s):/usr/bin/make cmTC_ed039/fast 
/usr/bin/make -f CMakeFiles/cmTC_ed039.dir/build.make CMakeFiles/cmTC_ed039.dir/build
make[1]: Entering directory '/DEVs/Machine-Learning/PyTorch/Tutorials/C++FrontEnd/build/CMakeFiles/CMakeTmp'
Building C object CMakeFiles/cmTC_ed039.dir/CheckFunctionExists.c.o
/usr/bin/cc   -DCHECK_FUNCTION_EXISTS=pthread_create   -o CMakeFiles/cmTC_ed039.dir/CheckFunctionExists.c.o   -c /usr/local/share/cmake-3.14/Modules/CheckFunctionExists.c
Linking C executable cmTC_ed039
/usr/local/bin/cmake -E cmake_link_script CMakeFiles/cmTC_ed039.dir/link.txt --verbose=1
/usr/bin/cc  -DCHECK_FUNCTION_EXISTS=pthread_create    -rdynamic CMakeFiles/cmTC_ed039.dir/CheckFunctionExists.c.o  -o cmTC_ed039 -lpthreads 
/usr/bin/ld: cannot find -lpthreads
collect2: error: ld returned 1 exit status
CMakeFiles/cmTC_ed039.dir/build.make:86: recipe for target 'cmTC_ed039' failed
make[1]: *** [cmTC_ed039] Error 1
make[1]: Leaving directory '/DEVs/Machine-Learning/PyTorch/Tutorials/C++FrontEnd/build/CMakeFiles/CMakeTmp'
Makefile:121: recipe for target 'cmTC_ed039/fast' failed
make: *** [cmTC_ed039/fast] Error 2


