Performing C SOURCE FILE Test CMAKE_HAVE_LIBC_PTHREAD failed with the following output:
Change Dir: /DEVs/Machine-Learning/PyTorch/FaceRecognition/build/CMakeFiles/CMakeTmp

Run Build Command(s):/usr/bin/make cmTC_e6449/fast && /usr/bin/make  -f CMakeFiles/cmTC_e6449.dir/build.make CMakeFiles/cmTC_e6449.dir/build
make[1]: Entering directory '/DEVs/Machine-Learning/PyTorch/FaceRecognition/build/CMakeFiles/CMakeTmp'
Building C object CMakeFiles/cmTC_e6449.dir/src.c.o
/usr/bin/cc   -DCMAKE_HAVE_LIBC_PTHREAD -o CMakeFiles/cmTC_e6449.dir/src.c.o -c /DEVs/Machine-Learning/PyTorch/FaceRecognition/build/CMakeFiles/CMakeTmp/src.c
Linking C executable cmTC_e6449
/usr/local/bin/cmake -E cmake_link_script CMakeFiles/cmTC_e6449.dir/link.txt --verbose=1
/usr/bin/cc  -DCMAKE_HAVE_LIBC_PTHREAD -rdynamic CMakeFiles/cmTC_e6449.dir/src.c.o -o cmTC_e6449 
CMakeFiles/cmTC_e6449.dir/src.c.o: In function `main':
src.c:(.text+0x3e): undefined reference to `pthread_create'
src.c:(.text+0x4a): undefined reference to `pthread_detach'
src.c:(.text+0x56): undefined reference to `pthread_cancel'
src.c:(.text+0x67): undefined reference to `pthread_join'
src.c:(.text+0x7b): undefined reference to `pthread_atfork'
collect2: error: ld returned 1 exit status
CMakeFiles/cmTC_e6449.dir/build.make:106: recipe for target 'cmTC_e6449' failed
make[1]: *** [cmTC_e6449] Error 1
make[1]: Leaving directory '/DEVs/Machine-Learning/PyTorch/FaceRecognition/build/CMakeFiles/CMakeTmp'
Makefile:141: recipe for target 'cmTC_e6449/fast' failed
make: *** [cmTC_e6449/fast] Error 2


Source file was:
#include <pthread.h>

void* test_func(void* data)
{
  return data;
}

int main(void)
{
  pthread_t thread;
  pthread_create(&thread, NULL, test_func, NULL);
  pthread_detach(thread);
  pthread_cancel(thread);
  pthread_join(thread, NULL);
  pthread_atfork(NULL, NULL, NULL);
  pthread_exit(NULL);

  return 0;
}

Determining if the function pthread_create exists in the pthreads failed with the following output:
Change Dir: /DEVs/Machine-Learning/PyTorch/FaceRecognition/build/CMakeFiles/CMakeTmp

Run Build Command(s):/usr/bin/make cmTC_68fea/fast && /usr/bin/make  -f CMakeFiles/cmTC_68fea.dir/build.make CMakeFiles/cmTC_68fea.dir/build
make[1]: Entering directory '/DEVs/Machine-Learning/PyTorch/FaceRecognition/build/CMakeFiles/CMakeTmp'
Building C object CMakeFiles/cmTC_68fea.dir/CheckFunctionExists.c.o
/usr/bin/cc   -DCHECK_FUNCTION_EXISTS=pthread_create -o CMakeFiles/cmTC_68fea.dir/CheckFunctionExists.c.o -c /usr/local/share/cmake-3.18/Modules/CheckFunctionExists.c
Linking C executable cmTC_68fea
/usr/local/bin/cmake -E cmake_link_script CMakeFiles/cmTC_68fea.dir/link.txt --verbose=1
/usr/bin/cc  -DCHECK_FUNCTION_EXISTS=pthread_create -rdynamic CMakeFiles/cmTC_68fea.dir/CheckFunctionExists.c.o -o cmTC_68fea  -lpthreads 
/usr/bin/ld: cannot find -lpthreads
collect2: error: ld returned 1 exit status
CMakeFiles/cmTC_68fea.dir/build.make:106: recipe for target 'cmTC_68fea' failed
make[1]: *** [cmTC_68fea] Error 1
make[1]: Leaving directory '/DEVs/Machine-Learning/PyTorch/FaceRecognition/build/CMakeFiles/CMakeTmp'
Makefile:141: recipe for target 'cmTC_68fea/fast' failed
make: *** [cmTC_68fea/fast] Error 2



