Determining if the pthread_create exist failed with the following output:
Change Dir: /DEVs/Machine-Learning/PyTorch/FaceLandmarkViewer/build/CMakeFiles/CMakeTmp

Run Build Command(s):/usr/bin/make cmTC_4bb1c/fast 
/usr/bin/make -f CMakeFiles/cmTC_4bb1c.dir/build.make CMakeFiles/cmTC_4bb1c.dir/build
make[1]: Entering directory '/DEVs/Machine-Learning/PyTorch/FaceLandmarkViewer/build/CMakeFiles/CMakeTmp'
Building C object CMakeFiles/cmTC_4bb1c.dir/CheckSymbolExists.c.o
/usr/bin/cc    -o CMakeFiles/cmTC_4bb1c.dir/CheckSymbolExists.c.o   -c /DEVs/Machine-Learning/PyTorch/FaceLandmarkViewer/build/CMakeFiles/CMakeTmp/CheckSymbolExists.c
Linking C executable cmTC_4bb1c
/usr/local/bin/cmake -E cmake_link_script CMakeFiles/cmTC_4bb1c.dir/link.txt --verbose=1
/usr/bin/cc      -rdynamic CMakeFiles/cmTC_4bb1c.dir/CheckSymbolExists.c.o  -o cmTC_4bb1c 
CMakeFiles/cmTC_4bb1c.dir/CheckSymbolExists.c.o: In function `main':
CheckSymbolExists.c:(.text+0x1b): undefined reference to `pthread_create'
collect2: error: ld returned 1 exit status
CMakeFiles/cmTC_4bb1c.dir/build.make:86: recipe for target 'cmTC_4bb1c' failed
make[1]: *** [cmTC_4bb1c] Error 1
make[1]: Leaving directory '/DEVs/Machine-Learning/PyTorch/FaceLandmarkViewer/build/CMakeFiles/CMakeTmp'
Makefile:121: recipe for target 'cmTC_4bb1c/fast' failed
make: *** [cmTC_4bb1c/fast] Error 2

File /DEVs/Machine-Learning/PyTorch/FaceLandmarkViewer/build/CMakeFiles/CMakeTmp/CheckSymbolExists.c:
/* */
#include <pthread.h>

int main(int argc, char** argv)
{
  (void)argv;
#ifndef pthread_create
  return ((int*)(&pthread_create))[argc];
#else
  (void)argc;
  return 0;
#endif
}

Determining if the function pthread_create exists in the pthreads failed with the following output:
Change Dir: /DEVs/Machine-Learning/PyTorch/FaceLandmarkViewer/build/CMakeFiles/CMakeTmp

Run Build Command(s):/usr/bin/make cmTC_f3a7a/fast 
/usr/bin/make -f CMakeFiles/cmTC_f3a7a.dir/build.make CMakeFiles/cmTC_f3a7a.dir/build
make[1]: Entering directory '/DEVs/Machine-Learning/PyTorch/FaceLandmarkViewer/build/CMakeFiles/CMakeTmp'
Building C object CMakeFiles/cmTC_f3a7a.dir/CheckFunctionExists.c.o
/usr/bin/cc   -DCHECK_FUNCTION_EXISTS=pthread_create   -o CMakeFiles/cmTC_f3a7a.dir/CheckFunctionExists.c.o   -c /usr/local/share/cmake-3.14/Modules/CheckFunctionExists.c
Linking C executable cmTC_f3a7a
/usr/local/bin/cmake -E cmake_link_script CMakeFiles/cmTC_f3a7a.dir/link.txt --verbose=1
/usr/bin/cc  -DCHECK_FUNCTION_EXISTS=pthread_create    -rdynamic CMakeFiles/cmTC_f3a7a.dir/CheckFunctionExists.c.o  -o cmTC_f3a7a -lpthreads 
/usr/bin/ld: cannot find -lpthreads
collect2: error: ld returned 1 exit status
CMakeFiles/cmTC_f3a7a.dir/build.make:86: recipe for target 'cmTC_f3a7a' failed
make[1]: *** [cmTC_f3a7a] Error 1
make[1]: Leaving directory '/DEVs/Machine-Learning/PyTorch/FaceLandmarkViewer/build/CMakeFiles/CMakeTmp'
Makefile:121: recipe for target 'cmTC_f3a7a/fast' failed
make: *** [cmTC_f3a7a/fast] Error 2


Determining if the function sgemm_ exists failed with the following output:
Change Dir: /DEVs/Machine-Learning/PyTorch/FaceLandmarkViewer/build/CMakeFiles/CMakeTmp

Run Build Command(s):/usr/bin/make cmTC_4a057/fast 
/usr/bin/make -f CMakeFiles/cmTC_4a057.dir/build.make CMakeFiles/cmTC_4a057.dir/build
make[1]: Entering directory '/DEVs/Machine-Learning/PyTorch/FaceLandmarkViewer/build/CMakeFiles/CMakeTmp'
Building C object CMakeFiles/cmTC_4a057.dir/CheckFunctionExists.c.o
/usr/bin/cc   -DCHECK_FUNCTION_EXISTS=sgemm_   -o CMakeFiles/cmTC_4a057.dir/CheckFunctionExists.c.o   -c /usr/local/share/cmake-3.14/Modules/CheckFunctionExists.c
Linking C executable cmTC_4a057
/usr/local/bin/cmake -E cmake_link_script CMakeFiles/cmTC_4a057.dir/link.txt --verbose=1
/usr/bin/cc  -DCHECK_FUNCTION_EXISTS=sgemm_    -rdynamic CMakeFiles/cmTC_4a057.dir/CheckFunctionExists.c.o  -o cmTC_4a057 
CMakeFiles/cmTC_4a057.dir/CheckFunctionExists.c.o: In function `main':
CheckFunctionExists.c:(.text+0x10): undefined reference to `sgemm_'
collect2: error: ld returned 1 exit status
CMakeFiles/cmTC_4a057.dir/build.make:86: recipe for target 'cmTC_4a057' failed
make[1]: *** [cmTC_4a057] Error 1
make[1]: Leaving directory '/DEVs/Machine-Learning/PyTorch/FaceLandmarkViewer/build/CMakeFiles/CMakeTmp'
Makefile:121: recipe for target 'cmTC_4a057/fast' failed
make: *** [cmTC_4a057/fast] Error 2


