Looking for git in: git
Using git 2.7.4 from git
> git rev-parse --show-toplevel
> git config --get commit.template
Open repository: /home/shared-data/Personal_Dev/Machine-Learning
> git status -z -u
> git check-ignore -z --stdin
> git symbolic-ref --short HEAD
> git rev-parse master
> git rev-parse --symbolic-full-name master@{u}
> git rev-list --left-right master...refs/remotes/origin/master
> git for-each-ref --format %(refname) %(objectname) --sort -committerdate
> git remote --verbose
> git check-ignore -z --stdin
> git show :TensorFlow/Face-Recognition/recognition_phase.py
> git show :TensorFlow/Face-Recognition/facenet.py
> git show :TensorFlow/Face-Recognition/recognition_phase.py
> git show :TensorFlow/Face-Recognition/recognition_phase.py
> git show :TensorFlow/Face-Recognition/tensorboard_helper.py
> git show :TensorFlow/Face-Recognition/recognition_phase.py
> git show :TensorFlow/Face-Recognition/tensorboard_helper.py
> git show :TensorFlow/Face-Recognition/recognition_phase.py
> git show :TensorFlow/Face-Recognition/tensorboard_helper.py
> git show :TensorFlow/Face-Recognition/recognition_phase.py
> git show :TensorFlow/Face-Recognition/facenet.py
> git show :TensorFlow/Face-Recognition/recognition_phase.py
> git show :TensorFlow/Face-Recognition/tensorboard_helper.py
> git show :TensorFlow/Face-Recognition/facenet.py
> git show :TensorFlow/Face-Recognition/recognition_phase.py
> git show :TensorFlow/Face-Recognition/tensorboard_helper.py
> git show :TensorFlow/Face-Recognition/facenet.py
> git show :TensorFlow/Face-Recognition/recognition_phase.py
> git show :TensorFlow/Face-Recognition/tensorboard_helper.py
> git show :TensorFlow/Face-Recognition/recognition_phase.py
> git show :TensorFlow/Face-Recognition/tensorboard_helper.py
> git show :TensorFlow/Face-Recognition/recognition_phase.py
> git show :TensorFlow/Face-Recognition/tensorboard_helper.py
> git show :TensorFlow/Face-Recognition/recognition_phase.py
> git show :TensorFlow/Face-Recognition/facenet.py
> git show :TensorFlow/Face-Recognition/tensorboard_helper.py
> git show :TensorFlow/Face-Recognition/recognition_phase.py
> git show :TensorFlow/Face-Recognition/tensorboard_helper.py
> git show :TensorFlow/Face-Recognition/recognition_phase.py
> git show :TensorFlow/Face-Recognition/tensorboard_helper.py
> git show :TensorFlow/Face-Recognition/facenet.py
> git show :TensorFlow/Face-Recognition/recognition_phase.py
> git show :TensorFlow/Face-Recognition/facenet.py
> git show :TensorFlow/Face-Recognition/recognition_phase.py
> git show :TensorFlow/Face-Recognition/facenet.py
> git show :TensorFlow/Face-Recognition/tensorboard_helper.py
> git show :TensorFlow/Face-Recognition/recognition_phase.py
> git show :TensorFlow/Face-Recognition/facenet.py
> git show :TensorFlow/Face-Recognition/tensorboard_helper.py
> git show :TensorFlow/Face-Recognition/recognition_phase.py
> git show :TensorFlow/Face-Recognition/tensorboard_helper.py
> git show :TensorFlow/Face-Recognition/recognition_phase.py
> git check-ignore -z --stdin
> git show :TensorFlow/Common_helper/tfrecorder_helper.py
> git show :TensorFlow/Face-Recognition/facenet.py
> git show :TensorFlow/Face-Recognition/recognition_phase.py
> git show :TensorFlow/Common_helper/tfrecorder_helper.py
> git show :TensorFlow/Face-Recognition/recognition_phase.py
> git show :TensorFlow/Common_helper/tfrecorder_helper.py
> git show :TensorFlow/Face-Recognition/recognition_phase.py
